
> classic_ads@0.1.0 build
> next build

Γû▓ Next.js 16.1.6 (Turbopack)
- Environments: .env.local, .env.production

  Creating an optimized production build ...
Γ£ô Compiled successfully in 7.1s
  Running TypeScript ...
Failed to compile.

.next/dev/types/validator.ts:324:31
Type error: Type 'typeof import("C:/Users/moham/Desktop/classic_ads/app/api/invoices/[id]/status/route")' does not satisfy the constraint 'RouteHandlerConfig<"/api/invoices/[id]/status">'.
  Types of property 'PUT' are incompatible.
    Type '(req: NextRequest, { params }: { params: { id: string; }; }) => Promise<NextResponse<{ error: string; }> | NextResponse<{ success: boolean; status: any; }>>' is not assignable to type '(request: NextRequest, context: { params: Promise<{ id: string; }>; }) => void | Response | Promise<void | Response>'.
      Types of parameters '__1' and 'context' are incompatible.
        Type '{ params: Promise<{ id: string; }>; }' is not assignable to type '{ params: { id: string; }; }'.
          Types of property 'params' are incompatible.
            Property 'id' is missing in type 'Promise<{ id: string; }>' but required in type '{ id: string; }'.

  322 |   type __IsExpected<Specific extends RouteHandlerConfig<"/api/invoices/[id]/status">> = Specific
  323 |   const handler = {} as typeof import("../../../app/api/invoices/[id]/status/route.js")
> 324 |   type __Check = __IsExpected<typeof handler>
      |                               ^
  325 |   // @ts-ignore
  326 |   type __Unused = __Check
  327 | }
Next.js build worker exited with code: 1 and signal: null
